2020-01-13 17:52:41,922:INFO (StartupInfoLogger.java:55) - Starting MallServiceApplication on DESKTOP-SPGPDP6 with PID 16888 (F:\workSpace\idea\graduation\mall-service\target\classes started by huisunan in F:\workSpace\idea\graduation)
2020-01-13 17:52:41,930:INFO (SpringApplication.java:655) - The following profiles are active: dev
2020-01-13 17:52:43,181:INFO (PostProcessorRegistrationDelegate.java:330) - Bean 'spring.dubbo-com.alibaba.dubbo.spring.boot.DubboProperties' of type [com.alibaba.dubbo.spring.boot.DubboProperties] is not eligible for getting processed by all BeanPostProcessors (for example: not eligible for auto-proxying)
2020-01-13 17:52:43,187:INFO (PostProcessorRegistrationDelegate.java:330) - Bean 'org.springframework.transaction.annotation.ProxyTransactionManagementConfiguration' of type [org.springframework.transaction.annotation.ProxyTransactionManagementConfiguration] is not eligible for getting processed by all BeanPostProcessors (for example: not eligible for auto-proxying)
2020-01-13 17:52:43,211:INFO (PostProcessorRegistrationDelegate.java:330) - Bean 'com.alibaba.dubbo.spring.boot.DubboConsumerAutoConfiguration' of type [com.alibaba.dubbo.spring.boot.DubboConsumerAutoConfiguration$$EnhancerBySpringCGLIB$$5e6ec16] is not eligible for getting processed by all BeanPostProcessors (for example: not eligible for auto-proxying)
2020-01-13 17:52:43,469:INFO (TomcatWebServer.java:92) - Tomcat initialized with port(s): 9000 (http)
2020-01-13 17:52:43,477:INFO (DirectJDKLog.java:173) - Initializing ProtocolHandler ["http-nio-9000"]
2020-01-13 17:52:43,477:INFO (DirectJDKLog.java:173) - Starting service [Tomcat]
2020-01-13 17:52:43,478:INFO (DirectJDKLog.java:173) - Starting Servlet engine: [Apache Tomcat/9.0.29]
2020-01-13 17:52:43,587:INFO (DirectJDKLog.java:173) - Initializing Spring embedded WebApplicationContext
2020-01-13 17:52:43,588:INFO (ServletWebServerApplicationContext.java:284) - Root WebApplicationContext: initialization completed in 1582 ms
2020-01-13 17:52:43,817:INFO (DruidDataSourceAutoConfigure.java:56) - Init DruidDataSource
2020-01-13 17:52:46,360:INFO (DruidDataSource.java:1010) - {dataSource-1} inited
2020-01-13 17:52:48,341:INFO (ExecutorConfigurationSupport.java:171) - Initializing ExecutorService 'applicationTaskExecutor'
2020-01-13 17:52:48,690:INFO (EndpointLinksResolver.java:58) - Exposing 2 endpoint(s) beneath base path '/actuator'
2020-01-13 17:52:48,759:INFO (DirectJDKLog.java:173) - Starting ProtocolHandler ["http-nio-9000"]
2020-01-13 17:52:48,780:INFO (TomcatWebServer.java:204) - Tomcat started on port(s): 9000 (http) with context path ''
2020-01-13 17:52:48,782:INFO (StartupInfoLogger.java:61) - Started MallServiceApplication in 7.466 seconds (JVM running for 8.554)
2020-01-13 17:54:50,368:INFO (StartupInfoLogger.java:55) - Starting MallServiceApplication on DESKTOP-SPGPDP6 with PID 1068 (F:\workSpace\idea\graduation\mall-service\target\classes started by huisunan in F:\workSpace\idea\graduation)
2020-01-13 17:54:50,378:INFO (SpringApplication.java:655) - The following profiles are active: dev
2020-01-13 17:54:51,454:INFO (PostProcessorRegistrationDelegate.java:330) - Bean 'spring.dubbo-com.alibaba.dubbo.spring.boot.DubboProperties' of type [com.alibaba.dubbo.spring.boot.DubboProperties] is not eligible for getting processed by all BeanPostProcessors (for example: not eligible for auto-proxying)
2020-01-13 17:54:51,460:INFO (PostProcessorRegistrationDelegate.java:330) - Bean 'org.springframework.transaction.annotation.ProxyTransactionManagementConfiguration' of type [org.springframework.transaction.annotation.ProxyTransactionManagementConfiguration] is not eligible for getting processed by all BeanPostProcessors (for example: not eligible for auto-proxying)
2020-01-13 17:54:51,496:INFO (PostProcessorRegistrationDelegate.java:330) - Bean 'com.alibaba.dubbo.spring.boot.DubboConsumerAutoConfiguration' of type [com.alibaba.dubbo.spring.boot.DubboConsumerAutoConfiguration$$EnhancerBySpringCGLIB$$cccf502f] is not eligible for getting processed by all BeanPostProcessors (for example: not eligible for auto-proxying)
2020-01-13 17:54:51,728:INFO (TomcatWebServer.java:92) - Tomcat initialized with port(s): 9000 (http)
2020-01-13 17:54:51,735:INFO (DirectJDKLog.java:173) - Initializing ProtocolHandler ["http-nio-9000"]
2020-01-13 17:54:51,736:INFO (DirectJDKLog.java:173) - Starting service [Tomcat]
2020-01-13 17:54:51,736:INFO (DirectJDKLog.java:173) - Starting Servlet engine: [Apache Tomcat/9.0.29]
2020-01-13 17:54:51,836:INFO (DirectJDKLog.java:173) - Initializing Spring embedded WebApplicationContext
2020-01-13 17:54:51,836:INFO (ServletWebServerApplicationContext.java:284) - Root WebApplicationContext: initialization completed in 1418 ms
2020-01-13 17:54:52,077:INFO (DruidDataSourceAutoConfigure.java:56) - Init DruidDataSource
2020-01-13 17:54:53,998:INFO (DruidDataSource.java:1010) - {dataSource-1} inited
2020-01-13 17:54:56,053:INFO (ExecutorConfigurationSupport.java:171) - Initializing ExecutorService 'applicationTaskExecutor'
2020-01-13 17:54:56,428:INFO (EndpointLinksResolver.java:58) - Exposing 2 endpoint(s) beneath base path '/actuator'
2020-01-13 17:54:56,502:INFO (DirectJDKLog.java:173) - Starting ProtocolHandler ["http-nio-9000"]
2020-01-13 17:54:56,532:INFO (TomcatWebServer.java:204) - Tomcat started on port(s): 9000 (http) with context path ''
2020-01-13 17:54:56,534:INFO (StartupInfoLogger.java:61) - Started MallServiceApplication in 6.759 seconds (JVM running for 7.944)
2020-01-13 18:00:13,672:INFO (StartupInfoLogger.java:55) - Starting MallServiceApplication on DESKTOP-SPGPDP6 with PID 3940 (F:\workSpace\idea\graduation\mall-service\target\classes started by huisunan in F:\workSpace\idea\graduation)
2020-01-13 18:00:13,679:INFO (SpringApplication.java:655) - The following profiles are active: dev
2020-01-13 18:00:14,726:INFO (PostProcessorRegistrationDelegate.java:330) - Bean 'spring.dubbo-com.alibaba.dubbo.spring.boot.DubboProperties' of type [com.alibaba.dubbo.spring.boot.DubboProperties] is not eligible for getting processed by all BeanPostProcessors (for example: not eligible for auto-proxying)
2020-01-13 18:00:14,733:INFO (PostProcessorRegistrationDelegate.java:330) - Bean 'org.springframework.transaction.annotation.ProxyTransactionManagementConfiguration' of type [org.springframework.transaction.annotation.ProxyTransactionManagementConfiguration] is not eligible for getting processed by all BeanPostProcessors (for example: not eligible for auto-proxying)
2020-01-13 18:00:14,759:INFO (PostProcessorRegistrationDelegate.java:330) - Bean 'com.alibaba.dubbo.spring.boot.DubboConsumerAutoConfiguration' of type [com.alibaba.dubbo.spring.boot.DubboConsumerAutoConfiguration$$EnhancerBySpringCGLIB$$a88fef7e] is not eligible for getting processed by all BeanPostProcessors (for example: not eligible for auto-proxying)
2020-01-13 18:00:14,979:INFO (TomcatWebServer.java:92) - Tomcat initialized with port(s): 9000 (http)
2020-01-13 18:00:14,986:INFO (DirectJDKLog.java:173) - Initializing ProtocolHandler ["http-nio-9000"]
2020-01-13 18:00:14,987:INFO (DirectJDKLog.java:173) - Starting service [Tomcat]
2020-01-13 18:00:14,987:INFO (DirectJDKLog.java:173) - Starting Servlet engine: [Apache Tomcat/9.0.29]
2020-01-13 18:00:15,090:INFO (DirectJDKLog.java:173) - Initializing Spring embedded WebApplicationContext
2020-01-13 18:00:15,090:INFO (ServletWebServerApplicationContext.java:284) - Root WebApplicationContext: initialization completed in 1379 ms
2020-01-13 18:00:15,342:INFO (DruidDataSourceAutoConfigure.java:56) - Init DruidDataSource
2020-01-13 18:00:17,056:INFO (DruidDataSource.java:1010) - {dataSource-1} inited
2020-01-13 18:00:18,958:INFO (ExecutorConfigurationSupport.java:171) - Initializing ExecutorService 'applicationTaskExecutor'
2020-01-13 18:00:20,025:INFO (ZkEventThread.java:65) - Starting ZkClient event thread.
2020-01-13 18:00:20,029:INFO (Environment.java:109) - Client environment:zookeeper.version=3.5.6-c11b7e26bc554b8523dc929761dd28808913f091, built on 10/08/2019 20:18 GMT
2020-01-13 18:00:20,029:INFO (Environment.java:109) - Client environment:host.name=DESKTOP-SPGPDP6
2020-01-13 18:00:20,029:INFO (Environment.java:109) - Client environment:java.version=1.8.0_181
2020-01-13 18:00:20,029:INFO (Environment.java:109) - Client environment:java.vendor=Oracle Corporation
2020-01-13 18:00:20,029:INFO (Environment.java:109) - Client environment:java.home=C:\Program Files\Java\jdk1.8.0_181\jre
2020-01-13 18:00:20,029:INFO (Environment.java:109) - Client environment:java.class.path=C:\Program Files\Java\jdk1.8.0_181\jre\lib\charsets.jar;C:\Program Files\Java\jdk1.8.0_181\jre\lib\deploy.jar;C:\Program Files\Java\jdk1.8.0_181\jre\lib\ext\access-bridge-64.jar;C:\Program Files\Java\jdk1.8.0_181\jre\lib\ext\cldrdata.jar;C:\Program Files\Java\jdk1.8.0_181\jre\lib\ext\dnsns.jar;C:\Program Files\Java\jdk1.8.0_181\jre\lib\ext\jaccess.jar;C:\Program Files\Java\jdk1.8.0_181\jre\lib\ext\jfxrt.jar;C:\Program Files\Java\jdk1.8.0_181\jre\lib\ext\localedata.jar;C:\Program Files\Java\jdk1.8.0_181\jre\lib\ext\nashorn.jar;C:\Program Files\Java\jdk1.8.0_181\jre\lib\ext\sunec.jar;C:\Program Files\Java\jdk1.8.0_181\jre\lib\ext\sunjce_provider.jar;C:\Program Files\Java\jdk1.8.0_181\jre\lib\ext\sunmscapi.jar;C:\Program Files\Java\jdk1.8.0_181\jre\lib\ext\sunpkcs11.jar;C:\Program Files\Java\jdk1.8.0_181\jre\lib\ext\zipfs.jar;C:\Program Files\Java\jdk1.8.0_181\jre\lib\javaws.jar;C:\Program Files\Java\jdk1.8.0_181\jre\lib\jce.jar;C:\Program Files\Java\jdk1.8.0_181\jre\lib\jfr.jar;C:\Program Files\Java\jdk1.8.0_181\jre\lib\jfxswt.jar;C:\Program Files\Java\jdk1.8.0_181\jre\lib\jsse.jar;C:\Program Files\Java\jdk1.8.0_181\jre\lib\management-agent.jar;C:\Program Files\Java\jdk1.8.0_181\jre\lib\plugin.jar;C:\Program Files\Java\jdk1.8.0_181\jre\lib\resources.jar;C:\Program Files\Java\jdk1.8.0_181\jre\lib\rt.jar;F:\workSpace\idea\graduation\mall-service\target\classes;D:\apache-maven-3.6.1\localRepository\org\springframework\boot\spring-boot-starter-web\2.2.2.RELEASE\spring-boot-starter-web-2.2.2.RELEASE.jar;D:\apache-maven-3.6.1\localRepository\org\springframework\boot\spring-boot-starter\2.2.2.RELEASE\spring-boot-starter-2.2.2.RELEASE.jar;D:\apache-maven-3.6.1\localRepository\org\springframework\boot\spring-boot\2.2.2.RELEASE\spring-boot-2.2.2.RELEASE.jar;D:\apache-maven-3.6.1\localRepository\jakarta\annotation\jakarta.annotation-api\1.3.5\jakarta.annotation-api-1.3.5.jar;D:\apache-maven-3.6.1\localRepository\org\springframework\spring-core\5.2.2.RELEASE\spring-core-5.2.2.RELEASE.jar;D:\apache-maven-3.6.1\localRepository\org\springframework\spring-jcl\5.2.2.RELEASE\spring-jcl-5.2.2.RELEASE.jar;D:\apache-maven-3.6.1\localRepository\org\springframework\boot\spring-boot-starter-json\2.2.2.RELEASE\spring-boot-starter-json-2.2.2.RELEASE.jar;D:\apache-maven-3.6.1\localRepository\com\fasterxml\jackson\core\jackson-databind\2.10.1\jackson-databind-2.10.1.jar;D:\apache-maven-3.6.1\localRepository\com\fasterxml\jackson\core\jackson-annotations\2.10.1\jackson-annotations-2.10.1.jar;D:\apache-maven-3.6.1\localRepository\com\fasterxml\jackson\datatype\jackson-datatype-jdk8\2.10.1\jackson-datatype-jdk8-2.10.1.jar;D:\apache-maven-3.6.1\localRepository\com\fasterxml\jackson\datatype\jackson-datatype-jsr310\2.10.1\jackson-datatype-jsr310-2.10.1.jar;D:\apache-maven-3.6.1\localRepository\com\fasterxml\jackson\module\jackson-module-parameter-names\2.10.1\jackson-module-parameter-names-2.10.1.jar;D:\apache-maven-3.6.1\localRepository\org\springframework\boot\spring-boot-starter-tomcat\2.2.2.RELEASE\spring-boot-starter-tomcat-2.2.2.RELEASE.jar;D:\apache-maven-3.6.1\localRepository\org\apache\tomcat\embed\tomcat-embed-core\9.0.29\tomcat-embed-core-9.0.29.jar;D:\apache-maven-3.6.1\localRepository\org\apache\tomcat\embed\tomcat-embed-el\9.0.29\tomcat-embed-el-9.0.29.jar;D:\apache-maven-3.6.1\localRepository\org\apache\tomcat\embed\tomcat-embed-websocket\9.0.29\tomcat-embed-websocket-9.0.29.jar;D:\apache-maven-3.6.1\localRepository\org\springframework\boot\spring-boot-starter-validation\2.2.2.RELEASE\spring-boot-starter-validation-2.2.2.RELEASE.jar;D:\apache-maven-3.6.1\localRepository\jakarta\validation\jakarta.validation-api\2.0.1\jakarta.validation-api-2.0.1.jar;D:\apache-maven-3.6.1\localRepository\org\hibernate\validator\hibernate-validator\6.0.18.Final\hibernate-validator-6.0.18.Final.jar;D:\apache-maven-3.6.1\localRepository\org\jboss\logging\jboss-logging\3.4.1.Final\jboss-logging-3.4.1.Final.jar;D:\apache-maven-3.6.1\localRepository\com\fasterxml\classmate\1.5.1\classmate-1.5.1.jar;D:\apache-maven-3.6.1\localRepository\org\springframework\spring-web\5.2.2.RELEASE\spring-web-5.2.2.RELEASE.jar;D:\apache-maven-3.6.1\localRepository\org\springframework\spring-beans\5.2.2.RELEASE\spring-beans-5.2.2.RELEASE.jar;D:\apache-maven-3.6.1\localRepository\org\springframework\spring-webmvc\5.2.2.RELEASE\spring-webmvc-5.2.2.RELEASE.jar;D:\apache-maven-3.6.1\localRepository\org\springframework\spring-aop\5.2.2.RELEASE\spring-aop-5.2.2.RELEASE.jar;D:\apache-maven-3.6.1\localRepository\org\springframework\spring-context\5.2.2.RELEASE\spring-context-5.2.2.RELEASE.jar;D:\apache-maven-3.6.1\localRepository\org\springframework\spring-expression\5.2.2.RELEASE\spring-expression-5.2.2.RELEASE.jar;F:\workSpace\idea\graduation\mall-facade\target\classes;D:\apache-maven-3.6.1\localRepository\com\baomidou\mybatis-plus-extension\3.3.0\mybatis-plus-extension-3.3.0.jar;D:\apache-maven-3.6.1\localRepository\com\baomidou\mybatis-plus-core\3.3.0\mybatis-plus-core-3.3.0.jar;D:\apache-maven-3.6.1\localRepository\com\baomidou\mybatis-plus-annotation\3.3.0\mybatis-plus-annotation-3.3.0.jar;D:\apache-maven-3.6.1\localRepository\com\github\jsqlparser\jsqlparser\3.1\jsqlparser-3.1.jar;D:\apache-maven-3.6.1\localRepository\org\mybatis\mybatis\3.5.3\mybatis-3.5.3.jar;D:\apache-maven-3.6.1\localRepository\org\mybatis\mybatis-spring\2.0.3\mybatis-spring-2.0.3.jar;D:\apache-maven-3.6.1\localRepository\com\baomidou\mybatis-plus-boot-starter\3.3.0\mybatis-plus-boot-starter-3.3.0.jar;D:\apache-maven-3.6.1\localRepository\com\baomidou\mybatis-plus\3.3.0\mybatis-plus-3.3.0.jar;D:\apache-maven-3.6.1\localRepository\org\springframework\boot\spring-boot-autoconfigure\2.2.2.RELEASE\spring-boot-autoconfigure-2.2.2.RELEASE.jar;D:\apache-maven-3.6.1\localRepository\org\springframework\boot\spring-boot-starter-jdbc\2.2.2.RELEASE\spring-boot-starter-jdbc-2.2.2.RELEASE.jar;D:\apache-maven-3.6.1\localRepository\com\zaxxer\HikariCP\3.4.1\HikariCP-3.4.1.jar;D:\apache-maven-3.6.1\localRepository\org\springframework\spring-jdbc\5.2.2.RELEASE\spring-jdbc-5.2.2.RELEASE.jar;D:\apache-maven-3.6.1\localRepository\org\springframework\spring-tx\5.2.2.RELEASE\spring-tx-5.2.2.RELEASE.jar;D:\apache-maven-3.6.1\localRepository\org\springframework\boot\spring-boot-starter-log4j2\2.2.2.RELEASE\spring-boot-starter-log4j2-2.2.2.RELEASE.jar;D:\apache-maven-3.6.1\localRepository\org\apache\logging\log4j\log4j-slf4j-impl\2.12.1\log4j-slf4j-impl-2.12.1.jar;D:\apache-maven-3.6.1\localRepository\org\apache\logging\log4j\log4j-api\2.12.1\log4j-api-2.12.1.jar;D:\apache-maven-3.6.1\localRepository\org\apache\logging\log4j\log4j-core\2.12.1\log4j-core-2.12.1.jar;D:\apache-maven-3.6.1\localRepository\org\apache\logging\log4j\log4j-jul\2.12.1\log4j-jul-2.12.1.jar;D:\apache-maven-3.6.1\localRepository\org\slf4j\jul-to-slf4j\1.7.29\jul-to-slf4j-1.7.29.jar;D:\apache-maven-3.6.1\localRepository\com\fasterxml\jackson\dataformat\jackson-dataformat-yaml\2.10.1\jackson-dataformat-yaml-2.10.1.jar;D:\apache-maven-3.6.1\localRepository\org\yaml\snakeyaml\1.25\snakeyaml-1.25.jar;D:\apache-maven-3.6.1\localRepository\com\fasterxml\jackson\core\jackson-core\2.10.1\jackson-core-2.10.1.jar;D:\apache-maven-3.6.1\localRepository\mysql\mysql-connector-java\5.1.38\mysql-connector-java-5.1.38.jar;D:\apache-maven-3.6.1\localRepository\com\alibaba\druid-spring-boot-starter\1.1.21\druid-spring-boot-starter-1.1.21.jar;D:\apache-maven-3.6.1\localRepository\com\alibaba\druid\1.1.21\druid-1.1.21.jar;D:\apache-maven-3.6.1\localRepository\org\slf4j\slf4j-api\1.7.29\slf4j-api-1.7.29.jar;D:\apache-maven-3.6.1\localRepository\com\alibaba\spring\boot\dubbo-spring-boot-starter\2.0.0\dubbo-spring-boot-starter-2.0.0.jar;D:\apache-maven-3.6.1\localRepository\com\alibaba\dubbo\2.6.0\dubbo-2.6.0.jar;D:\apache-maven-3.6.1\localRepository\org\javassist\javassist\3.20.0-GA\javassist-3.20.0-GA.jar;D:\apache-maven-3.6.1\localRepository\org\jboss\netty\netty\3.2.5.Final\netty-3.2.5.Final.jar;D:\apache-maven-3.6.1\localRepository\org\springframework\boot\spring-boot-starter-actuator\2.2.2.RELEASE\spring-boot-starter-actuator-2.2.2.RELEASE.jar;D:\apache-maven-3.6.1\localRepository\org\springframework\boot\spring-boot-actuator-autoconfigure\2.2.2.RELEASE\spring-boot-actuator-autoconfigure-2.2.2.RELEASE.jar;D:\apache-maven-3.6.1\localRepository\org\springframework\boot\spring-boot-actuator\2.2.2.RELEASE\spring-boot-actuator-2.2.2.RELEASE.jar;D:\apache-maven-3.6.1\localRepository\io\micrometer\micrometer-core\1.3.1\micrometer-core-1.3.1.jar;D:\apache-maven-3.6.1\localRepository\org\hdrhistogram\HdrHistogram\2.1.11\HdrHistogram-2.1.11.jar;D:\apache-maven-3.6.1\localRepository\org\latencyutils\LatencyUtils\2.0.3\LatencyUtils-2.0.3.jar;D:\apache-maven-3.6.1\localRepository\org\apache\zookeeper\zookeeper\3.5.6\zookeeper-3.5.6.jar;D:\apache-maven-3.6.1\localRepository\org\apache\zookeeper\zookeeper-jute\3.5.6\zookeeper-jute-3.5.6.jar;D:\apache-maven-3.6.1\localRepository\org\apache\yetus\audience-annotations\0.5.0\audience-annotations-0.5.0.jar;D:\apache-maven-3.6.1\localRepository\io\netty\netty-handler\4.1.43.Final\netty-handler-4.1.43.Final.jar;D:\apache-maven-3.6.1\localRepository\io\netty\netty-common\4.1.43.Final\netty-common-4.1.43.Final.jar;D:\apache-maven-3.6.1\localRepository\io\netty\netty-buffer\4.1.43.Final\netty-buffer-4.1.43.Final.jar;D:\apache-maven-3.6.1\localRepository\io\netty\netty-transport\4.1.43.Final\netty-transport-4.1.43.Final.jar;D:\apache-maven-3.6.1\localRepository\io\netty\netty-resolver\4.1.43.Final\netty-resolver-4.1.43.Final.jar;D:\apache-maven-3.6.1\localRepository\io\netty\netty-codec\4.1.43.Final\netty-codec-4.1.43.Final.jar;D:\apache-maven-3.6.1\localRepository\io\netty\netty-transport-native-epoll\4.1.43.Final\netty-transport-native-epoll-4.1.43.Final.jar;D:\apache-maven-3.6.1\localRepository\io\netty\netty-transport-native-unix-common\4.1.43.Final\netty-transport-native-unix-common-4.1.43.Final.jar;D:\apache-maven-3.6.1\localRepository\org\slf4j\slf4j-log4j12\1.7.29\slf4j-log4j12-1.7.29.jar;D:\apache-maven-3.6.1\localRepository\log4j\log4j\1.2.17\log4j-1.2.17.jar;D:\apache-maven-3.6.1\localRepository\com\101tec\zkclient\0.11\zkclient-0.11.jar;D:\Program Files\JetBrains\IntelliJ IDEA 2019.2.2\lib\idea_rt.jar
2020-01-13 18:00:20,030:INFO (Environment.java:109) - Client environment:java.library.path=C:\Program Files\Java\jdk1.8.0_181\bin;C:\WINDOWS\Sun\Java\bin;C:\WINDOWS\system32;C:\WINDOWS;D:\Program Files (x86)\NetSarang\Xshell 6\;D:\Program Files (x86)\NetSarang\Xftp 6\;C:\WINDOWS\system32;C:\WINDOWS;C:\WINDOWS\System32\Wbem;C:\WINDOWS\System32\WindowsPowerShell\v1.0\;C:\Program Files (x86)\NVIDIA Corporation\PhysX\Common;C:\Users\huisunan\.dnx\bin;C:\Program Files\Microsoft DNX\Dnvm\;C:\Program Files\NVIDIA Corporation\NVIDIA NvDLISR;C:\Program Files\nodejs\;D:\Program Files (x86)\MySQL\MySQL Server 5.5\bin;D:\LocalAndroidSDK\platform-tools;D:\LocalAndroidSDK\tools;D:\Program Files\Git\cmd;D:\Program Files (x86)\Subversion\bin;D:\Program Files\TortoiseSVN\bin;C:\ProgramData\chocolatey\bin;C:\Users\huisunan\AppData\Local\Programs\Python\Python37\Scripts\;C:\Users\huisunan\AppData\Local\Programs\Python\Python37\;C:\Users\huisunan\AppData\Local\Microsoft\WindowsApps;D:\Program Files\Fiddler;C:\Users\huisunan\AppData\Roaming\npm;D:\Program Files\Microsoft VS Code\bin;C:\Users\huisunan\AppData\Local\Pandoc\;C:\Users\huisunan\AppData\Local\GitHubDesktop\bin;C:\Program Files\Java\jdk1.8.0_181\bin;;.
2020-01-13 18:00:20,030:INFO (Environment.java:109) - Client environment:java.io.tmpdir=C:\WINDOWS\TEMP\
2020-01-13 18:00:20,030:INFO (Environment.java:109) - Client environment:java.compiler=<NA>
2020-01-13 18:00:20,030:INFO (Environment.java:109) - Client environment:os.name=Windows 10
2020-01-13 18:00:20,030:INFO (Environment.java:109) - Client environment:os.arch=amd64
2020-01-13 18:00:20,030:INFO (Environment.java:109) - Client environment:os.version=10.0
2020-01-13 18:00:20,030:INFO (Environment.java:109) - Client environment:user.name=huisunan
2020-01-13 18:00:20,031:INFO (Environment.java:109) - Client environment:user.home=C:\Users\huisunan
2020-01-13 18:00:20,031:INFO (Environment.java:109) - Client environment:user.dir=F:\workSpace\idea\graduation
2020-01-13 18:00:20,031:INFO (Environment.java:109) - Client environment:os.memory.free=225MB
2020-01-13 18:00:20,031:INFO (Environment.java:109) - Client environment:os.memory.max=3623MB
2020-01-13 18:00:20,031:INFO (Environment.java:109) - Client environment:os.memory.total=398MB
2020-01-13 18:00:20,033:INFO (ZooKeeper.java:868) - Initiating client connection, connectString=127.0.0.1:2181 sessionTimeout=30000 watcher=org.I0Itec.zkclient.ZkClient@3bbd8eff
2020-01-13 18:00:20,037:INFO (X509Util.java:79) - Setting -D jdk.tls.rejectClientInitiatedRenegotiation=true to disable client-initiated TLS renegotiation
2020-01-13 18:00:20,042:INFO (ClientCnxnSocket.java:237) - jute.maxbuffer value is 4194304 Bytes
2020-01-13 18:00:20,048:INFO (ClientCnxn.java:1653) - zookeeper.request.timeout value is 0. feature enabled=
2020-01-13 18:00:20,048:INFO (ZkClient.java:936) - Waiting for keeper state SyncConnected
2020-01-13 18:00:20,054:INFO (ClientCnxn.java:1112) - Opening socket connection to server 127.0.0.1/127.0.0.1:2181. Will not attempt to authenticate using SASL (unknown error)
2020-01-13 18:00:20,055:INFO (ClientCnxn.java:959) - Socket connection established, initiating session, client: /127.0.0.1:61336, server: 127.0.0.1/127.0.0.1:2181
2020-01-13 18:00:50,057:WARN (ClientCnxn.java:1190) - Client session timed out, have not heard from server in 30002ms for sessionid 0x0
2020-01-13 18:00:50,057:INFO (ClientCnxn.java:1238) - Client session timed out, have not heard from server in 30002ms for sessionid 0x0, closing socket connection and attempting reconnect
2020-01-13 18:00:50,242:INFO (EndpointLinksResolver.java:58) - Exposing 2 endpoint(s) beneath base path '/actuator'
2020-01-13 18:00:50,342:INFO (DirectJDKLog.java:173) - Stopping service [Tomcat]
2020-01-13 18:00:50,347:WARN (DirectJDKLog.java:173) - The web application [ROOT] appears to have started a thread named [Abandoned connection cleanup thread] but has failed to stop it. This is very likely to create a memory leak. Stack trace of thread:
 java.lang.Object.wait(Native Method)
 java.lang.ref.ReferenceQueue.remove(ReferenceQueue.java:144)
 com.mysql.jdbc.AbandonedConnectionCleanupThread.run(AbandonedConnectionCleanupThread.java:43)
2020-01-13 18:00:50,348:WARN (DirectJDKLog.java:173) - The web application [ROOT] appears to have started a thread named [Druid-ConnectionPool-Create-1198515856] but has failed to stop it. This is very likely to create a memory leak. Stack trace of thread:
 sun.misc.Unsafe.park(Native Method)
 java.util.concurrent.locks.LockSupport.park(LockSupport.java:175)
 java.util.concurrent.locks.AbstractQueuedSynchronizer$ConditionObject.await(AbstractQueuedSynchronizer.java:2039)
 com.alibaba.druid.pool.DruidDataSource$CreateConnectionThread.run(DruidDataSource.java:2728)
2020-01-13 18:00:50,349:WARN (DirectJDKLog.java:173) - The web application [ROOT] appears to have started a thread named [Druid-ConnectionPool-Destroy-1198515856] but has failed to stop it. This is very likely to create a memory leak. Stack trace of thread:
 java.lang.Thread.sleep(Native Method)
 com.alibaba.druid.pool.DruidDataSource$DestroyConnectionThread.run(DruidDataSource.java:2824)
2020-01-13 18:00:50,352:INFO (ConditionEvaluationReportLoggingListener.java:136) - 

Error starting ApplicationContext. To display the conditions report re-run your application with 'debug' enabled.
2020-01-13 18:00:50,480:ERROR (SpringApplication.java:826) - Application run failed
java.lang.IllegalStateException: No such application config! Please add <dubbo:application name="..." /> to your spring config.
	at com.alibaba.dubbo.config.AbstractInterfaceConfig.checkApplication(AbstractInterfaceConfig.java:143) ~[dubbo-2.6.0.jar:2.6.0]
	at com.alibaba.dubbo.config.ServiceConfig.doExport(ServiceConfig.java:308) ~[dubbo-2.6.0.jar:2.6.0]
	at com.alibaba.dubbo.config.ServiceConfig.export(ServiceConfig.java:215) ~[dubbo-2.6.0.jar:2.6.0]
	at com.alibaba.dubbo.config.spring.ServiceBean.onApplicationEvent(ServiceBean.java:121) ~[dubbo-2.6.0.jar:2.6.0]
	at com.alibaba.dubbo.config.spring.ServiceBean.onApplicationEvent(ServiceBean.java:50) ~[dubbo-2.6.0.jar:2.6.0]
	at org.springframework.context.event.SimpleApplicationEventMulticaster.doInvokeListener(SimpleApplicationEventMulticaster.java:172) ~[spring-context-5.2.2.RELEASE.jar:5.2.2.RELEASE]
	at org.springframework.context.event.SimpleApplicationEventMulticaster.invokeListener(SimpleApplicationEventMulticaster.java:165) ~[spring-context-5.2.2.RELEASE.jar:5.2.2.RELEASE]
	at org.springframework.context.event.SimpleApplicationEventMulticaster.multicastEvent(SimpleApplicationEventMulticaster.java:139) ~[spring-context-5.2.2.RELEASE.jar:5.2.2.RELEASE]
	at org.springframework.context.support.AbstractApplicationContext.publishEvent(AbstractApplicationContext.java:403) ~[spring-context-5.2.2.RELEASE.jar:5.2.2.RELEASE]
	at org.springframework.context.support.AbstractApplicationContext.publishEvent(AbstractApplicationContext.java:360) ~[spring-context-5.2.2.RELEASE.jar:5.2.2.RELEASE]
	at org.springframework.context.support.AbstractApplicationContext.finishRefresh(AbstractApplicationContext.java:897) ~[spring-context-5.2.2.RELEASE.jar:5.2.2.RELEASE]
	at org.springframework.boot.web.servlet.context.ServletWebServerApplicationContext.finishRefresh(ServletWebServerApplicationContext.java:162) ~[spring-boot-2.2.2.RELEASE.jar:2.2.2.RELEASE]
	at org.springframework.context.support.AbstractApplicationContext.refresh(AbstractApplicationContext.java:553) ~[spring-context-5.2.2.RELEASE.jar:5.2.2.RELEASE]
	at org.springframework.boot.web.servlet.context.ServletWebServerApplicationContext.refresh(ServletWebServerApplicationContext.java:141) ~[spring-boot-2.2.2.RELEASE.jar:2.2.2.RELEASE]
	at org.springframework.boot.SpringApplication.refresh(SpringApplication.java:747) [spring-boot-2.2.2.RELEASE.jar:2.2.2.RELEASE]
	at org.springframework.boot.SpringApplication.refreshContext(SpringApplication.java:397) [spring-boot-2.2.2.RELEASE.jar:2.2.2.RELEASE]
	at org.springframework.boot.SpringApplication.run(SpringApplication.java:315) [spring-boot-2.2.2.RELEASE.jar:2.2.2.RELEASE]
	at org.springframework.boot.SpringApplication.run(SpringApplication.java:1226) [spring-boot-2.2.2.RELEASE.jar:2.2.2.RELEASE]
	at org.springframework.boot.SpringApplication.run(SpringApplication.java:1215) [spring-boot-2.2.2.RELEASE.jar:2.2.2.RELEASE]
	at com.hsn.mall.db.MallServiceApplication.main(MallServiceApplication.java:19) [classes/:?]
2020-01-13 18:00:50,489:INFO (ExecutorConfigurationSupport.java:208) - Shutting down ExecutorService 'applicationTaskExecutor'
2020-01-13 18:00:50,490:INFO (DruidDataSource.java:2003) - {dataSource-1} closing ...
2020-01-13 18:00:50,494:INFO (DruidDataSource.java:2075) - {dataSource-1} closed
2020-01-13 18:00:50,497:INFO (ReferenceAnnotationBeanPostProcessor.java:251) - class com.alibaba.dubbo.config.spring.beans.factory.annotation.ReferenceAnnotationBeanPostProcessor was destroying!
2020-01-13 18:01:01,150:INFO (StartupInfoLogger.java:55) - Starting MallServiceApplication on DESKTOP-SPGPDP6 with PID 232 (F:\workSpace\idea\graduation\mall-service\target\classes started by huisunan in F:\workSpace\idea\graduation)
2020-01-13 18:01:01,157:INFO (SpringApplication.java:655) - The following profiles are active: dev
2020-01-13 18:01:02,145:INFO (PostProcessorRegistrationDelegate.java:330) - Bean 'spring.dubbo-com.alibaba.dubbo.spring.boot.DubboProperties' of type [com.alibaba.dubbo.spring.boot.DubboProperties] is not eligible for getting processed by all BeanPostProcessors (for example: not eligible for auto-proxying)
2020-01-13 18:01:02,151:INFO (PostProcessorRegistrationDelegate.java:330) - Bean 'org.springframework.transaction.annotation.ProxyTransactionManagementConfiguration' of type [org.springframework.transaction.annotation.ProxyTransactionManagementConfiguration] is not eligible for getting processed by all BeanPostProcessors (for example: not eligible for auto-proxying)
2020-01-13 18:01:02,185:INFO (PostProcessorRegistrationDelegate.java:330) - Bean 'com.alibaba.dubbo.spring.boot.DubboConsumerAutoConfiguration' of type [com.alibaba.dubbo.spring.boot.DubboConsumerAutoConfiguration$$EnhancerBySpringCGLIB$$8ac1a134] is not eligible for getting processed by all BeanPostProcessors (for example: not eligible for auto-proxying)
2020-01-13 18:01:02,398:INFO (TomcatWebServer.java:92) - Tomcat initialized with port(s): 9000 (http)
2020-01-13 18:01:02,405:INFO (DirectJDKLog.java:173) - Initializing ProtocolHandler ["http-nio-9000"]
2020-01-13 18:01:02,406:INFO (DirectJDKLog.java:173) - Starting service [Tomcat]
2020-01-13 18:01:02,406:INFO (DirectJDKLog.java:173) - Starting Servlet engine: [Apache Tomcat/9.0.29]
2020-01-13 18:01:02,501:INFO (DirectJDKLog.java:173) - Initializing Spring embedded WebApplicationContext
2020-01-13 18:01:02,501:INFO (ServletWebServerApplicationContext.java:284) - Root WebApplicationContext: initialization completed in 1308 ms
2020-01-13 18:01:02,726:INFO (DruidDataSourceAutoConfigure.java:56) - Init DruidDataSource
2020-01-13 18:01:04,468:INFO (DruidDataSource.java:1010) - {dataSource-1} inited
2020-01-13 18:01:06,286:INFO (ExecutorConfigurationSupport.java:171) - Initializing ExecutorService 'applicationTaskExecutor'
2020-01-13 18:01:07,044:INFO (ZkEventThread.java:65) - Starting ZkClient event thread.
2020-01-13 18:01:07,048:INFO (Environment.java:109) - Client environment:zookeeper.version=3.5.6-c11b7e26bc554b8523dc929761dd28808913f091, built on 10/08/2019 20:18 GMT
2020-01-13 18:01:07,048:INFO (Environment.java:109) - Client environment:host.name=DESKTOP-SPGPDP6
2020-01-13 18:01:07,048:INFO (Environment.java:109) - Client environment:java.version=1.8.0_181
2020-01-13 18:01:07,048:INFO (Environment.java:109) - Client environment:java.vendor=Oracle Corporation
2020-01-13 18:01:07,048:INFO (Environment.java:109) - Client environment:java.home=C:\Program Files\Java\jdk1.8.0_181\jre
2020-01-13 18:01:07,048:INFO (Environment.java:109) - Client environment:java.class.path=C:\Program Files\Java\jdk1.8.0_181\jre\lib\charsets.jar;C:\Program Files\Java\jdk1.8.0_181\jre\lib\deploy.jar;C:\Program Files\Java\jdk1.8.0_181\jre\lib\ext\access-bridge-64.jar;C:\Program Files\Java\jdk1.8.0_181\jre\lib\ext\cldrdata.jar;C:\Program Files\Java\jdk1.8.0_181\jre\lib\ext\dnsns.jar;C:\Program Files\Java\jdk1.8.0_181\jre\lib\ext\jaccess.jar;C:\Program Files\Java\jdk1.8.0_181\jre\lib\ext\jfxrt.jar;C:\Program Files\Java\jdk1.8.0_181\jre\lib\ext\localedata.jar;C:\Program Files\Java\jdk1.8.0_181\jre\lib\ext\nashorn.jar;C:\Program Files\Java\jdk1.8.0_181\jre\lib\ext\sunec.jar;C:\Program Files\Java\jdk1.8.0_181\jre\lib\ext\sunjce_provider.jar;C:\Program Files\Java\jdk1.8.0_181\jre\lib\ext\sunmscapi.jar;C:\Program Files\Java\jdk1.8.0_181\jre\lib\ext\sunpkcs11.jar;C:\Program Files\Java\jdk1.8.0_181\jre\lib\ext\zipfs.jar;C:\Program Files\Java\jdk1.8.0_181\jre\lib\javaws.jar;C:\Program Files\Java\jdk1.8.0_181\jre\lib\jce.jar;C:\Program Files\Java\jdk1.8.0_181\jre\lib\jfr.jar;C:\Program Files\Java\jdk1.8.0_181\jre\lib\jfxswt.jar;C:\Program Files\Java\jdk1.8.0_181\jre\lib\jsse.jar;C:\Program Files\Java\jdk1.8.0_181\jre\lib\management-agent.jar;C:\Program Files\Java\jdk1.8.0_181\jre\lib\plugin.jar;C:\Program Files\Java\jdk1.8.0_181\jre\lib\resources.jar;C:\Program Files\Java\jdk1.8.0_181\jre\lib\rt.jar;F:\workSpace\idea\graduation\mall-service\target\classes;D:\apache-maven-3.6.1\localRepository\org\springframework\boot\spring-boot-starter-web\2.2.2.RELEASE\spring-boot-starter-web-2.2.2.RELEASE.jar;D:\apache-maven-3.6.1\localRepository\org\springframework\boot\spring-boot-starter\2.2.2.RELEASE\spring-boot-starter-2.2.2.RELEASE.jar;D:\apache-maven-3.6.1\localRepository\org\springframework\boot\spring-boot\2.2.2.RELEASE\spring-boot-2.2.2.RELEASE.jar;D:\apache-maven-3.6.1\localRepository\jakarta\annotation\jakarta.annotation-api\1.3.5\jakarta.annotation-api-1.3.5.jar;D:\apache-maven-3.6.1\localRepository\org\springframework\spring-core\5.2.2.RELEASE\spring-core-5.2.2.RELEASE.jar;D:\apache-maven-3.6.1\localRepository\org\springframework\spring-jcl\5.2.2.RELEASE\spring-jcl-5.2.2.RELEASE.jar;D:\apache-maven-3.6.1\localRepository\org\springframework\boot\spring-boot-starter-json\2.2.2.RELEASE\spring-boot-starter-json-2.2.2.RELEASE.jar;D:\apache-maven-3.6.1\localRepository\com\fasterxml\jackson\core\jackson-databind\2.10.1\jackson-databind-2.10.1.jar;D:\apache-maven-3.6.1\localRepository\com\fasterxml\jackson\core\jackson-annotations\2.10.1\jackson-annotations-2.10.1.jar;D:\apache-maven-3.6.1\localRepository\com\fasterxml\jackson\datatype\jackson-datatype-jdk8\2.10.1\jackson-datatype-jdk8-2.10.1.jar;D:\apache-maven-3.6.1\localRepository\com\fasterxml\jackson\datatype\jackson-datatype-jsr310\2.10.1\jackson-datatype-jsr310-2.10.1.jar;D:\apache-maven-3.6.1\localRepository\com\fasterxml\jackson\module\jackson-module-parameter-names\2.10.1\jackson-module-parameter-names-2.10.1.jar;D:\apache-maven-3.6.1\localRepository\org\springframework\boot\spring-boot-starter-tomcat\2.2.2.RELEASE\spring-boot-starter-tomcat-2.2.2.RELEASE.jar;D:\apache-maven-3.6.1\localRepository\org\apache\tomcat\embed\tomcat-embed-core\9.0.29\tomcat-embed-core-9.0.29.jar;D:\apache-maven-3.6.1\localRepository\org\apache\tomcat\embed\tomcat-embed-el\9.0.29\tomcat-embed-el-9.0.29.jar;D:\apache-maven-3.6.1\localRepository\org\apache\tomcat\embed\tomcat-embed-websocket\9.0.29\tomcat-embed-websocket-9.0.29.jar;D:\apache-maven-3.6.1\localRepository\org\springframework\boot\spring-boot-starter-validation\2.2.2.RELEASE\spring-boot-starter-validation-2.2.2.RELEASE.jar;D:\apache-maven-3.6.1\localRepository\jakarta\validation\jakarta.validation-api\2.0.1\jakarta.validation-api-2.0.1.jar;D:\apache-maven-3.6.1\localRepository\org\hibernate\validator\hibernate-validator\6.0.18.Final\hibernate-validator-6.0.18.Final.jar;D:\apache-maven-3.6.1\localRepository\org\jboss\logging\jboss-logging\3.4.1.Final\jboss-logging-3.4.1.Final.jar;D:\apache-maven-3.6.1\localRepository\com\fasterxml\classmate\1.5.1\classmate-1.5.1.jar;D:\apache-maven-3.6.1\localRepository\org\springframework\spring-web\5.2.2.RELEASE\spring-web-5.2.2.RELEASE.jar;D:\apache-maven-3.6.1\localRepository\org\springframework\spring-beans\5.2.2.RELEASE\spring-beans-5.2.2.RELEASE.jar;D:\apache-maven-3.6.1\localRepository\org\springframework\spring-webmvc\5.2.2.RELEASE\spring-webmvc-5.2.2.RELEASE.jar;D:\apache-maven-3.6.1\localRepository\org\springframework\spring-aop\5.2.2.RELEASE\spring-aop-5.2.2.RELEASE.jar;D:\apache-maven-3.6.1\localRepository\org\springframework\spring-context\5.2.2.RELEASE\spring-context-5.2.2.RELEASE.jar;D:\apache-maven-3.6.1\localRepository\org\springframework\spring-expression\5.2.2.RELEASE\spring-expression-5.2.2.RELEASE.jar;F:\workSpace\idea\graduation\mall-facade\target\classes;D:\apache-maven-3.6.1\localRepository\com\baomidou\mybatis-plus-extension\3.3.0\mybatis-plus-extension-3.3.0.jar;D:\apache-maven-3.6.1\localRepository\com\baomidou\mybatis-plus-core\3.3.0\mybatis-plus-core-3.3.0.jar;D:\apache-maven-3.6.1\localRepository\com\baomidou\mybatis-plus-annotation\3.3.0\mybatis-plus-annotation-3.3.0.jar;D:\apache-maven-3.6.1\localRepository\com\github\jsqlparser\jsqlparser\3.1\jsqlparser-3.1.jar;D:\apache-maven-3.6.1\localRepository\org\mybatis\mybatis\3.5.3\mybatis-3.5.3.jar;D:\apache-maven-3.6.1\localRepository\org\mybatis\mybatis-spring\2.0.3\mybatis-spring-2.0.3.jar;D:\apache-maven-3.6.1\localRepository\com\baomidou\mybatis-plus-boot-starter\3.3.0\mybatis-plus-boot-starter-3.3.0.jar;D:\apache-maven-3.6.1\localRepository\com\baomidou\mybatis-plus\3.3.0\mybatis-plus-3.3.0.jar;D:\apache-maven-3.6.1\localRepository\org\springframework\boot\spring-boot-autoconfigure\2.2.2.RELEASE\spring-boot-autoconfigure-2.2.2.RELEASE.jar;D:\apache-maven-3.6.1\localRepository\org\springframework\boot\spring-boot-starter-jdbc\2.2.2.RELEASE\spring-boot-starter-jdbc-2.2.2.RELEASE.jar;D:\apache-maven-3.6.1\localRepository\com\zaxxer\HikariCP\3.4.1\HikariCP-3.4.1.jar;D:\apache-maven-3.6.1\localRepository\org\springframework\spring-jdbc\5.2.2.RELEASE\spring-jdbc-5.2.2.RELEASE.jar;D:\apache-maven-3.6.1\localRepository\org\springframework\spring-tx\5.2.2.RELEASE\spring-tx-5.2.2.RELEASE.jar;D:\apache-maven-3.6.1\localRepository\org\springframework\boot\spring-boot-starter-log4j2\2.2.2.RELEASE\spring-boot-starter-log4j2-2.2.2.RELEASE.jar;D:\apache-maven-3.6.1\localRepository\org\apache\logging\log4j\log4j-slf4j-impl\2.12.1\log4j-slf4j-impl-2.12.1.jar;D:\apache-maven-3.6.1\localRepository\org\apache\logging\log4j\log4j-api\2.12.1\log4j-api-2.12.1.jar;D:\apache-maven-3.6.1\localRepository\org\apache\logging\log4j\log4j-core\2.12.1\log4j-core-2.12.1.jar;D:\apache-maven-3.6.1\localRepository\org\apache\logging\log4j\log4j-jul\2.12.1\log4j-jul-2.12.1.jar;D:\apache-maven-3.6.1\localRepository\org\slf4j\jul-to-slf4j\1.7.29\jul-to-slf4j-1.7.29.jar;D:\apache-maven-3.6.1\localRepository\com\fasterxml\jackson\dataformat\jackson-dataformat-yaml\2.10.1\jackson-dataformat-yaml-2.10.1.jar;D:\apache-maven-3.6.1\localRepository\org\yaml\snakeyaml\1.25\snakeyaml-1.25.jar;D:\apache-maven-3.6.1\localRepository\com\fasterxml\jackson\core\jackson-core\2.10.1\jackson-core-2.10.1.jar;D:\apache-maven-3.6.1\localRepository\mysql\mysql-connector-java\5.1.38\mysql-connector-java-5.1.38.jar;D:\apache-maven-3.6.1\localRepository\com\alibaba\druid-spring-boot-starter\1.1.21\druid-spring-boot-starter-1.1.21.jar;D:\apache-maven-3.6.1\localRepository\com\alibaba\druid\1.1.21\druid-1.1.21.jar;D:\apache-maven-3.6.1\localRepository\org\slf4j\slf4j-api\1.7.29\slf4j-api-1.7.29.jar;D:\apache-maven-3.6.1\localRepository\com\alibaba\spring\boot\dubbo-spring-boot-starter\2.0.0\dubbo-spring-boot-starter-2.0.0.jar;D:\apache-maven-3.6.1\localRepository\com\alibaba\dubbo\2.6.0\dubbo-2.6.0.jar;D:\apache-maven-3.6.1\localRepository\org\javassist\javassist\3.20.0-GA\javassist-3.20.0-GA.jar;D:\apache-maven-3.6.1\localRepository\org\jboss\netty\netty\3.2.5.Final\netty-3.2.5.Final.jar;D:\apache-maven-3.6.1\localRepository\org\springframework\boot\spring-boot-starter-actuator\2.2.2.RELEASE\spring-boot-starter-actuator-2.2.2.RELEASE.jar;D:\apache-maven-3.6.1\localRepository\org\springframework\boot\spring-boot-actuator-autoconfigure\2.2.2.RELEASE\spring-boot-actuator-autoconfigure-2.2.2.RELEASE.jar;D:\apache-maven-3.6.1\localRepository\org\springframework\boot\spring-boot-actuator\2.2.2.RELEASE\spring-boot-actuator-2.2.2.RELEASE.jar;D:\apache-maven-3.6.1\localRepository\io\micrometer\micrometer-core\1.3.1\micrometer-core-1.3.1.jar;D:\apache-maven-3.6.1\localRepository\org\hdrhistogram\HdrHistogram\2.1.11\HdrHistogram-2.1.11.jar;D:\apache-maven-3.6.1\localRepository\org\latencyutils\LatencyUtils\2.0.3\LatencyUtils-2.0.3.jar;D:\apache-maven-3.6.1\localRepository\org\apache\zookeeper\zookeeper\3.5.6\zookeeper-3.5.6.jar;D:\apache-maven-3.6.1\localRepository\org\apache\zookeeper\zookeeper-jute\3.5.6\zookeeper-jute-3.5.6.jar;D:\apache-maven-3.6.1\localRepository\org\apache\yetus\audience-annotations\0.5.0\audience-annotations-0.5.0.jar;D:\apache-maven-3.6.1\localRepository\io\netty\netty-handler\4.1.43.Final\netty-handler-4.1.43.Final.jar;D:\apache-maven-3.6.1\localRepository\io\netty\netty-common\4.1.43.Final\netty-common-4.1.43.Final.jar;D:\apache-maven-3.6.1\localRepository\io\netty\netty-buffer\4.1.43.Final\netty-buffer-4.1.43.Final.jar;D:\apache-maven-3.6.1\localRepository\io\netty\netty-transport\4.1.43.Final\netty-transport-4.1.43.Final.jar;D:\apache-maven-3.6.1\localRepository\io\netty\netty-resolver\4.1.43.Final\netty-resolver-4.1.43.Final.jar;D:\apache-maven-3.6.1\localRepository\io\netty\netty-codec\4.1.43.Final\netty-codec-4.1.43.Final.jar;D:\apache-maven-3.6.1\localRepository\io\netty\netty-transport-native-epoll\4.1.43.Final\netty-transport-native-epoll-4.1.43.Final.jar;D:\apache-maven-3.6.1\localRepository\io\netty\netty-transport-native-unix-common\4.1.43.Final\netty-transport-native-unix-common-4.1.43.Final.jar;D:\apache-maven-3.6.1\localRepository\org\slf4j\slf4j-log4j12\1.7.29\slf4j-log4j12-1.7.29.jar;D:\apache-maven-3.6.1\localRepository\log4j\log4j\1.2.17\log4j-1.2.17.jar;D:\apache-maven-3.6.1\localRepository\com\101tec\zkclient\0.11\zkclient-0.11.jar;D:\Program Files\JetBrains\IntelliJ IDEA 2019.2.2\lib\idea_rt.jar
2020-01-13 18:01:07,049:INFO (Environment.java:109) - Client environment:java.library.path=C:\Program Files\Java\jdk1.8.0_181\bin;C:\WINDOWS\Sun\Java\bin;C:\WINDOWS\system32;C:\WINDOWS;D:\Program Files (x86)\NetSarang\Xshell 6\;D:\Program Files (x86)\NetSarang\Xftp 6\;C:\WINDOWS\system32;C:\WINDOWS;C:\WINDOWS\System32\Wbem;C:\WINDOWS\System32\WindowsPowerShell\v1.0\;C:\Program Files (x86)\NVIDIA Corporation\PhysX\Common;C:\Users\huisunan\.dnx\bin;C:\Program Files\Microsoft DNX\Dnvm\;C:\Program Files\NVIDIA Corporation\NVIDIA NvDLISR;C:\Program Files\nodejs\;D:\Program Files (x86)\MySQL\MySQL Server 5.5\bin;D:\LocalAndroidSDK\platform-tools;D:\LocalAndroidSDK\tools;D:\Program Files\Git\cmd;D:\Program Files (x86)\Subversion\bin;D:\Program Files\TortoiseSVN\bin;C:\ProgramData\chocolatey\bin;C:\Users\huisunan\AppData\Local\Programs\Python\Python37\Scripts\;C:\Users\huisunan\AppData\Local\Programs\Python\Python37\;C:\Users\huisunan\AppData\Local\Microsoft\WindowsApps;D:\Program Files\Fiddler;C:\Users\huisunan\AppData\Roaming\npm;D:\Program Files\Microsoft VS Code\bin;C:\Users\huisunan\AppData\Local\Pandoc\;C:\Users\huisunan\AppData\Local\GitHubDesktop\bin;C:\Program Files\Java\jdk1.8.0_181\bin;;.
2020-01-13 18:01:07,050:INFO (Environment.java:109) - Client environment:java.io.tmpdir=C:\WINDOWS\TEMP\
2020-01-13 18:01:07,050:INFO (Environment.java:109) - Client environment:java.compiler=<NA>
2020-01-13 18:01:07,050:INFO (Environment.java:109) - Client environment:os.name=Windows 10
2020-01-13 18:01:07,050:INFO (Environment.java:109) - Client environment:os.arch=amd64
2020-01-13 18:01:07,050:INFO (Environment.java:109) - Client environment:os.version=10.0
2020-01-13 18:01:07,050:INFO (Environment.java:109) - Client environment:user.name=huisunan
2020-01-13 18:01:07,050:INFO (Environment.java:109) - Client environment:user.home=C:\Users\huisunan
2020-01-13 18:01:07,050:INFO (Environment.java:109) - Client environment:user.dir=F:\workSpace\idea\graduation
2020-01-13 18:01:07,050:INFO (Environment.java:109) - Client environment:os.memory.free=197MB
2020-01-13 18:01:07,050:INFO (Environment.java:109) - Client environment:os.memory.max=3623MB
2020-01-13 18:01:07,050:INFO (Environment.java:109) - Client environment:os.memory.total=391MB
2020-01-13 18:01:07,054:INFO (ZooKeeper.java:868) - Initiating client connection, connectString=127.0.0.1:2181 sessionTimeout=30000 watcher=org.I0Itec.zkclient.ZkClient@4f783b33
2020-01-13 18:01:07,058:INFO (X509Util.java:79) - Setting -D jdk.tls.rejectClientInitiatedRenegotiation=true to disable client-initiated TLS renegotiation
2020-01-13 18:01:07,063:INFO (ClientCnxnSocket.java:237) - jute.maxbuffer value is 4194304 Bytes
2020-01-13 18:01:07,069:INFO (ClientCnxn.java:1653) - zookeeper.request.timeout value is 0. feature enabled=
2020-01-13 18:01:07,069:INFO (ZkClient.java:936) - Waiting for keeper state SyncConnected
2020-01-13 18:01:07,077:INFO (ClientCnxn.java:1112) - Opening socket connection to server 127.0.0.1/127.0.0.1:2181. Will not attempt to authenticate using SASL (unknown error)
2020-01-13 18:01:07,078:INFO (ClientCnxn.java:959) - Socket connection established, initiating session, client: /127.0.0.1:61581, server: 127.0.0.1/127.0.0.1:2181
2020-01-13 18:01:37,079:WARN (ClientCnxn.java:1190) - Client session timed out, have not heard from server in 30001ms for sessionid 0x0
2020-01-13 18:01:37,079:INFO (ClientCnxn.java:1238) - Client session timed out, have not heard from server in 30001ms for sessionid 0x0, closing socket connection and attempting reconnect
2020-01-13 18:01:37,239:INFO (EndpointLinksResolver.java:58) - Exposing 2 endpoint(s) beneath base path '/actuator'
2020-01-13 18:01:37,347:INFO (DirectJDKLog.java:173) - Stopping service [Tomcat]
2020-01-13 18:01:37,351:WARN (DirectJDKLog.java:173) - The web application [ROOT] appears to have started a thread named [Abandoned connection cleanup thread] but has failed to stop it. This is very likely to create a memory leak. Stack trace of thread:
 java.lang.Object.wait(Native Method)
 java.lang.ref.ReferenceQueue.remove(ReferenceQueue.java:144)
 com.mysql.jdbc.AbandonedConnectionCleanupThread.run(AbandonedConnectionCleanupThread.java:43)
2020-01-13 18:01:37,351:WARN (DirectJDKLog.java:173) - The web application [ROOT] appears to have started a thread named [Druid-ConnectionPool-Create-1078448857] but has failed to stop it. This is very likely to create a memory leak. Stack trace of thread:
 sun.misc.Unsafe.park(Native Method)
 java.util.concurrent.locks.LockSupport.park(LockSupport.java:175)
 java.util.concurrent.locks.AbstractQueuedSynchronizer$ConditionObject.await(AbstractQueuedSynchronizer.java:2039)
 com.alibaba.druid.pool.DruidDataSource$CreateConnectionThread.run(DruidDataSource.java:2728)
2020-01-13 18:01:37,352:WARN (DirectJDKLog.java:173) - The web application [ROOT] appears to have started a thread named [Druid-ConnectionPool-Destroy-1078448857] but has failed to stop it. This is very likely to create a memory leak. Stack trace of thread:
 java.lang.Thread.sleep(Native Method)
 com.alibaba.druid.pool.DruidDataSource$DestroyConnectionThread.run(DruidDataSource.java:2824)
2020-01-13 18:01:37,355:INFO (ConditionEvaluationReportLoggingListener.java:136) - 

Error starting ApplicationContext. To display the conditions report re-run your application with 'debug' enabled.
2020-01-13 18:01:37,360:ERROR (SpringApplication.java:826) - Application run failed
java.lang.IllegalStateException: No such application config! Please add <dubbo:application name="..." /> to your spring config.
	at com.alibaba.dubbo.config.AbstractInterfaceConfig.checkApplication(AbstractInterfaceConfig.java:143) ~[dubbo-2.6.0.jar:2.6.0]
	at com.alibaba.dubbo.config.ServiceConfig.doExport(ServiceConfig.java:308) ~[dubbo-2.6.0.jar:2.6.0]
	at com.alibaba.dubbo.config.ServiceConfig.export(ServiceConfig.java:215) ~[dubbo-2.6.0.jar:2.6.0]
	at com.alibaba.dubbo.config.spring.ServiceBean.onApplicationEvent(ServiceBean.java:121) ~[dubbo-2.6.0.jar:2.6.0]
	at com.alibaba.dubbo.config.spring.ServiceBean.onApplicationEvent(ServiceBean.java:50) ~[dubbo-2.6.0.jar:2.6.0]
	at org.springframework.context.event.SimpleApplicationEventMulticaster.doInvokeListener(SimpleApplicationEventMulticaster.java:172) ~[spring-context-5.2.2.RELEASE.jar:5.2.2.RELEASE]
	at org.springframework.context.event.SimpleApplicationEventMulticaster.invokeListener(SimpleApplicationEventMulticaster.java:165) ~[spring-context-5.2.2.RELEASE.jar:5.2.2.RELEASE]
	at org.springframework.context.event.SimpleApplicationEventMulticaster.multicastEvent(SimpleApplicationEventMulticaster.java:139) ~[spring-context-5.2.2.RELEASE.jar:5.2.2.RELEASE]
	at org.springframework.context.support.AbstractApplicationContext.publishEvent(AbstractApplicationContext.java:403) ~[spring-context-5.2.2.RELEASE.jar:5.2.2.RELEASE]
	at org.springframework.context.support.AbstractApplicationContext.publishEvent(AbstractApplicationContext.java:360) ~[spring-context-5.2.2.RELEASE.jar:5.2.2.RELEASE]
	at org.springframework.context.support.AbstractApplicationContext.finishRefresh(AbstractApplicationContext.java:897) ~[spring-context-5.2.2.RELEASE.jar:5.2.2.RELEASE]
	at org.springframework.boot.web.servlet.context.ServletWebServerApplicationContext.finishRefresh(ServletWebServerApplicationContext.java:162) ~[spring-boot-2.2.2.RELEASE.jar:2.2.2.RELEASE]
	at org.springframework.context.support.AbstractApplicationContext.refresh(AbstractApplicationContext.java:553) ~[spring-context-5.2.2.RELEASE.jar:5.2.2.RELEASE]
	at org.springframework.boot.web.servlet.context.ServletWebServerApplicationContext.refresh(ServletWebServerApplicationContext.java:141) ~[spring-boot-2.2.2.RELEASE.jar:2.2.2.RELEASE]
	at org.springframework.boot.SpringApplication.refresh(SpringApplication.java:747) [spring-boot-2.2.2.RELEASE.jar:2.2.2.RELEASE]
	at org.springframework.boot.SpringApplication.refreshContext(SpringApplication.java:397) [spring-boot-2.2.2.RELEASE.jar:2.2.2.RELEASE]
	at org.springframework.boot.SpringApplication.run(SpringApplication.java:315) [spring-boot-2.2.2.RELEASE.jar:2.2.2.RELEASE]
	at org.springframework.boot.SpringApplication.run(SpringApplication.java:1226) [spring-boot-2.2.2.RELEASE.jar:2.2.2.RELEASE]
	at org.springframework.boot.SpringApplication.run(SpringApplication.java:1215) [spring-boot-2.2.2.RELEASE.jar:2.2.2.RELEASE]
	at com.hsn.mall.db.MallServiceApplication.main(MallServiceApplication.java:19) [classes/:?]
2020-01-13 18:01:37,367:INFO (ExecutorConfigurationSupport.java:208) - Shutting down ExecutorService 'applicationTaskExecutor'
2020-01-13 18:01:37,369:INFO (DruidDataSource.java:2003) - {dataSource-1} closing ...
2020-01-13 18:01:37,372:INFO (DruidDataSource.java:2075) - {dataSource-1} closed
2020-01-13 18:01:37,374:INFO (ReferenceAnnotationBeanPostProcessor.java:251) - class com.alibaba.dubbo.config.spring.beans.factory.annotation.ReferenceAnnotationBeanPostProcessor was destroying!
2020-01-13 18:03:39,502:INFO (StartupInfoLogger.java:55) - Starting MallServiceApplication on DESKTOP-SPGPDP6 with PID 15244 (F:\workSpace\idea\graduation\mall-service\target\classes started by huisunan in F:\workSpace\idea\graduation)
2020-01-13 18:03:39,508:INFO (SpringApplication.java:655) - The following profiles are active: dev
2020-01-13 18:03:40,471:INFO (PostProcessorRegistrationDelegate.java:330) - Bean 'spring.dubbo-com.alibaba.dubbo.spring.boot.DubboProperties' of type [com.alibaba.dubbo.spring.boot.DubboProperties] is not eligible for getting processed by all BeanPostProcessors (for example: not eligible for auto-proxying)
2020-01-13 18:03:40,477:INFO (PostProcessorRegistrationDelegate.java:330) - Bean 'org.springframework.transaction.annotation.ProxyTransactionManagementConfiguration' of type [org.springframework.transaction.annotation.ProxyTransactionManagementConfiguration] is not eligible for getting processed by all BeanPostProcessors (for example: not eligible for auto-proxying)
2020-01-13 18:03:40,496:INFO (PostProcessorRegistrationDelegate.java:330) - Bean 'com.alibaba.dubbo.spring.boot.DubboConsumerAutoConfiguration' of type [com.alibaba.dubbo.spring.boot.DubboConsumerAutoConfiguration$$EnhancerBySpringCGLIB$$f4ebff35] is not eligible for getting processed by all BeanPostProcessors (for example: not eligible for auto-proxying)
2020-01-13 18:03:40,697:INFO (TomcatWebServer.java:92) - Tomcat initialized with port(s): 9000 (http)
2020-01-13 18:03:40,704:INFO (DirectJDKLog.java:173) - Initializing ProtocolHandler ["http-nio-9000"]
2020-01-13 18:03:40,705:INFO (DirectJDKLog.java:173) - Starting service [Tomcat]
2020-01-13 18:03:40,706:INFO (DirectJDKLog.java:173) - Starting Servlet engine: [Apache Tomcat/9.0.29]
2020-01-13 18:03:40,813:INFO (DirectJDKLog.java:173) - Initializing Spring embedded WebApplicationContext
2020-01-13 18:03:40,813:INFO (ServletWebServerApplicationContext.java:284) - Root WebApplicationContext: initialization completed in 1274 ms
2020-01-13 18:03:40,920:INFO (DruidDataSourceAutoConfigure.java:56) - Init DruidDataSource
2020-01-13 18:03:42,565:INFO (DruidDataSource.java:1010) - {dataSource-1} inited
2020-01-13 18:03:44,226:INFO (ExecutorConfigurationSupport.java:171) - Initializing ExecutorService 'applicationTaskExecutor'
2020-01-13 18:03:44,982:INFO (ZkEventThread.java:65) - Starting ZkClient event thread.
2020-01-13 18:03:44,986:INFO (Environment.java:109) - Client environment:zookeeper.version=3.5.6-c11b7e26bc554b8523dc929761dd28808913f091, built on 10/08/2019 20:18 GMT
2020-01-13 18:03:44,987:INFO (Environment.java:109) - Client environment:host.name=DESKTOP-SPGPDP6
2020-01-13 18:03:44,987:INFO (Environment.java:109) - Client environment:java.version=1.8.0_181
2020-01-13 18:03:44,987:INFO (Environment.java:109) - Client environment:java.vendor=Oracle Corporation
2020-01-13 18:03:44,987:INFO (Environment.java:109) - Client environment:java.home=C:\Program Files\Java\jdk1.8.0_181\jre
2020-01-13 18:03:44,988:INFO (Environment.java:109) - Client environment:java.class.path=C:\Program Files\Java\jdk1.8.0_181\jre\lib\charsets.jar;C:\Program Files\Java\jdk1.8.0_181\jre\lib\deploy.jar;C:\Program Files\Java\jdk1.8.0_181\jre\lib\ext\access-bridge-64.jar;C:\Program Files\Java\jdk1.8.0_181\jre\lib\ext\cldrdata.jar;C:\Program Files\Java\jdk1.8.0_181\jre\lib\ext\dnsns.jar;C:\Program Files\Java\jdk1.8.0_181\jre\lib\ext\jaccess.jar;C:\Program Files\Java\jdk1.8.0_181\jre\lib\ext\jfxrt.jar;C:\Program Files\Java\jdk1.8.0_181\jre\lib\ext\localedata.jar;C:\Program Files\Java\jdk1.8.0_181\jre\lib\ext\nashorn.jar;C:\Program Files\Java\jdk1.8.0_181\jre\lib\ext\sunec.jar;C:\Program Files\Java\jdk1.8.0_181\jre\lib\ext\sunjce_provider.jar;C:\Program Files\Java\jdk1.8.0_181\jre\lib\ext\sunmscapi.jar;C:\Program Files\Java\jdk1.8.0_181\jre\lib\ext\sunpkcs11.jar;C:\Program Files\Java\jdk1.8.0_181\jre\lib\ext\zipfs.jar;C:\Program Files\Java\jdk1.8.0_181\jre\lib\javaws.jar;C:\Program Files\Java\jdk1.8.0_181\jre\lib\jce.jar;C:\Program Files\Java\jdk1.8.0_181\jre\lib\jfr.jar;C:\Program Files\Java\jdk1.8.0_181\jre\lib\jfxswt.jar;C:\Program Files\Java\jdk1.8.0_181\jre\lib\jsse.jar;C:\Program Files\Java\jdk1.8.0_181\jre\lib\management-agent.jar;C:\Program Files\Java\jdk1.8.0_181\jre\lib\plugin.jar;C:\Program Files\Java\jdk1.8.0_181\jre\lib\resources.jar;C:\Program Files\Java\jdk1.8.0_181\jre\lib\rt.jar;F:\workSpace\idea\graduation\mall-service\target\classes;D:\apache-maven-3.6.1\localRepository\org\springframework\boot\spring-boot-starter-web\2.2.2.RELEASE\spring-boot-starter-web-2.2.2.RELEASE.jar;D:\apache-maven-3.6.1\localRepository\org\springframework\boot\spring-boot-starter\2.2.2.RELEASE\spring-boot-starter-2.2.2.RELEASE.jar;D:\apache-maven-3.6.1\localRepository\org\springframework\boot\spring-boot\2.2.2.RELEASE\spring-boot-2.2.2.RELEASE.jar;D:\apache-maven-3.6.1\localRepository\jakarta\annotation\jakarta.annotation-api\1.3.5\jakarta.annotation-api-1.3.5.jar;D:\apache-maven-3.6.1\localRepository\org\springframework\spring-core\5.2.2.RELEASE\spring-core-5.2.2.RELEASE.jar;D:\apache-maven-3.6.1\localRepository\org\springframework\spring-jcl\5.2.2.RELEASE\spring-jcl-5.2.2.RELEASE.jar;D:\apache-maven-3.6.1\localRepository\org\springframework\boot\spring-boot-starter-json\2.2.2.RELEASE\spring-boot-starter-json-2.2.2.RELEASE.jar;D:\apache-maven-3.6.1\localRepository\com\fasterxml\jackson\core\jackson-databind\2.10.1\jackson-databind-2.10.1.jar;D:\apache-maven-3.6.1\localRepository\com\fasterxml\jackson\core\jackson-annotations\2.10.1\jackson-annotations-2.10.1.jar;D:\apache-maven-3.6.1\localRepository\com\fasterxml\jackson\datatype\jackson-datatype-jdk8\2.10.1\jackson-datatype-jdk8-2.10.1.jar;D:\apache-maven-3.6.1\localRepository\com\fasterxml\jackson\datatype\jackson-datatype-jsr310\2.10.1\jackson-datatype-jsr310-2.10.1.jar;D:\apache-maven-3.6.1\localRepository\com\fasterxml\jackson\module\jackson-module-parameter-names\2.10.1\jackson-module-parameter-names-2.10.1.jar;D:\apache-maven-3.6.1\localRepository\org\springframework\boot\spring-boot-starter-tomcat\2.2.2.RELEASE\spring-boot-starter-tomcat-2.2.2.RELEASE.jar;D:\apache-maven-3.6.1\localRepository\org\apache\tomcat\embed\tomcat-embed-core\9.0.29\tomcat-embed-core-9.0.29.jar;D:\apache-maven-3.6.1\localRepository\org\apache\tomcat\embed\tomcat-embed-el\9.0.29\tomcat-embed-el-9.0.29.jar;D:\apache-maven-3.6.1\localRepository\org\apache\tomcat\embed\tomcat-embed-websocket\9.0.29\tomcat-embed-websocket-9.0.29.jar;D:\apache-maven-3.6.1\localRepository\org\springframework\boot\spring-boot-starter-validation\2.2.2.RELEASE\spring-boot-starter-validation-2.2.2.RELEASE.jar;D:\apache-maven-3.6.1\localRepository\jakarta\validation\jakarta.validation-api\2.0.1\jakarta.validation-api-2.0.1.jar;D:\apache-maven-3.6.1\localRepository\org\hibernate\validator\hibernate-validator\6.0.18.Final\hibernate-validator-6.0.18.Final.jar;D:\apache-maven-3.6.1\localRepository\org\jboss\logging\jboss-logging\3.4.1.Final\jboss-logging-3.4.1.Final.jar;D:\apache-maven-3.6.1\localRepository\com\fasterxml\classmate\1.5.1\classmate-1.5.1.jar;D:\apache-maven-3.6.1\localRepository\org\springframework\spring-web\5.2.2.RELEASE\spring-web-5.2.2.RELEASE.jar;D:\apache-maven-3.6.1\localRepository\org\springframework\spring-beans\5.2.2.RELEASE\spring-beans-5.2.2.RELEASE.jar;D:\apache-maven-3.6.1\localRepository\org\springframework\spring-webmvc\5.2.2.RELEASE\spring-webmvc-5.2.2.RELEASE.jar;D:\apache-maven-3.6.1\localRepository\org\springframework\spring-aop\5.2.2.RELEASE\spring-aop-5.2.2.RELEASE.jar;D:\apache-maven-3.6.1\localRepository\org\springframework\spring-context\5.2.2.RELEASE\spring-context-5.2.2.RELEASE.jar;D:\apache-maven-3.6.1\localRepository\org\springframework\spring-expression\5.2.2.RELEASE\spring-expression-5.2.2.RELEASE.jar;F:\workSpace\idea\graduation\mall-facade\target\classes;D:\apache-maven-3.6.1\localRepository\com\baomidou\mybatis-plus-extension\3.3.0\mybatis-plus-extension-3.3.0.jar;D:\apache-maven-3.6.1\localRepository\com\baomidou\mybatis-plus-core\3.3.0\mybatis-plus-core-3.3.0.jar;D:\apache-maven-3.6.1\localRepository\com\baomidou\mybatis-plus-annotation\3.3.0\mybatis-plus-annotation-3.3.0.jar;D:\apache-maven-3.6.1\localRepository\com\github\jsqlparser\jsqlparser\3.1\jsqlparser-3.1.jar;D:\apache-maven-3.6.1\localRepository\org\mybatis\mybatis\3.5.3\mybatis-3.5.3.jar;D:\apache-maven-3.6.1\localRepository\org\mybatis\mybatis-spring\2.0.3\mybatis-spring-2.0.3.jar;D:\apache-maven-3.6.1\localRepository\com\baomidou\mybatis-plus-boot-starter\3.3.0\mybatis-plus-boot-starter-3.3.0.jar;D:\apache-maven-3.6.1\localRepository\com\baomidou\mybatis-plus\3.3.0\mybatis-plus-3.3.0.jar;D:\apache-maven-3.6.1\localRepository\org\springframework\boot\spring-boot-autoconfigure\2.2.2.RELEASE\spring-boot-autoconfigure-2.2.2.RELEASE.jar;D:\apache-maven-3.6.1\localRepository\org\springframework\boot\spring-boot-starter-jdbc\2.2.2.RELEASE\spring-boot-starter-jdbc-2.2.2.RELEASE.jar;D:\apache-maven-3.6.1\localRepository\com\zaxxer\HikariCP\3.4.1\HikariCP-3.4.1.jar;D:\apache-maven-3.6.1\localRepository\org\springframework\spring-jdbc\5.2.2.RELEASE\spring-jdbc-5.2.2.RELEASE.jar;D:\apache-maven-3.6.1\localRepository\org\springframework\spring-tx\5.2.2.RELEASE\spring-tx-5.2.2.RELEASE.jar;D:\apache-maven-3.6.1\localRepository\org\springframework\boot\spring-boot-starter-log4j2\2.2.2.RELEASE\spring-boot-starter-log4j2-2.2.2.RELEASE.jar;D:\apache-maven-3.6.1\localRepository\org\apache\logging\log4j\log4j-slf4j-impl\2.12.1\log4j-slf4j-impl-2.12.1.jar;D:\apache-maven-3.6.1\localRepository\org\apache\logging\log4j\log4j-api\2.12.1\log4j-api-2.12.1.jar;D:\apache-maven-3.6.1\localRepository\org\apache\logging\log4j\log4j-core\2.12.1\log4j-core-2.12.1.jar;D:\apache-maven-3.6.1\localRepository\org\apache\logging\log4j\log4j-jul\2.12.1\log4j-jul-2.12.1.jar;D:\apache-maven-3.6.1\localRepository\org\slf4j\jul-to-slf4j\1.7.29\jul-to-slf4j-1.7.29.jar;D:\apache-maven-3.6.1\localRepository\com\fasterxml\jackson\dataformat\jackson-dataformat-yaml\2.10.1\jackson-dataformat-yaml-2.10.1.jar;D:\apache-maven-3.6.1\localRepository\org\yaml\snakeyaml\1.25\snakeyaml-1.25.jar;D:\apache-maven-3.6.1\localRepository\com\fasterxml\jackson\core\jackson-core\2.10.1\jackson-core-2.10.1.jar;D:\apache-maven-3.6.1\localRepository\mysql\mysql-connector-java\5.1.38\mysql-connector-java-5.1.38.jar;D:\apache-maven-3.6.1\localRepository\com\alibaba\druid-spring-boot-starter\1.1.21\druid-spring-boot-starter-1.1.21.jar;D:\apache-maven-3.6.1\localRepository\com\alibaba\druid\1.1.21\druid-1.1.21.jar;D:\apache-maven-3.6.1\localRepository\org\slf4j\slf4j-api\1.7.29\slf4j-api-1.7.29.jar;D:\apache-maven-3.6.1\localRepository\com\alibaba\spring\boot\dubbo-spring-boot-starter\2.0.0\dubbo-spring-boot-starter-2.0.0.jar;D:\apache-maven-3.6.1\localRepository\com\alibaba\dubbo\2.6.0\dubbo-2.6.0.jar;D:\apache-maven-3.6.1\localRepository\org\javassist\javassist\3.20.0-GA\javassist-3.20.0-GA.jar;D:\apache-maven-3.6.1\localRepository\org\jboss\netty\netty\3.2.5.Final\netty-3.2.5.Final.jar;D:\apache-maven-3.6.1\localRepository\org\springframework\boot\spring-boot-starter-actuator\2.2.2.RELEASE\spring-boot-starter-actuator-2.2.2.RELEASE.jar;D:\apache-maven-3.6.1\localRepository\org\springframework\boot\spring-boot-actuator-autoconfigure\2.2.2.RELEASE\spring-boot-actuator-autoconfigure-2.2.2.RELEASE.jar;D:\apache-maven-3.6.1\localRepository\org\springframework\boot\spring-boot-actuator\2.2.2.RELEASE\spring-boot-actuator-2.2.2.RELEASE.jar;D:\apache-maven-3.6.1\localRepository\io\micrometer\micrometer-core\1.3.1\micrometer-core-1.3.1.jar;D:\apache-maven-3.6.1\localRepository\org\hdrhistogram\HdrHistogram\2.1.11\HdrHistogram-2.1.11.jar;D:\apache-maven-3.6.1\localRepository\org\latencyutils\LatencyUtils\2.0.3\LatencyUtils-2.0.3.jar;D:\apache-maven-3.6.1\localRepository\org\apache\zookeeper\zookeeper\3.5.6\zookeeper-3.5.6.jar;D:\apache-maven-3.6.1\localRepository\org\apache\zookeeper\zookeeper-jute\3.5.6\zookeeper-jute-3.5.6.jar;D:\apache-maven-3.6.1\localRepository\org\apache\yetus\audience-annotations\0.5.0\audience-annotations-0.5.0.jar;D:\apache-maven-3.6.1\localRepository\io\netty\netty-handler\4.1.43.Final\netty-handler-4.1.43.Final.jar;D:\apache-maven-3.6.1\localRepository\io\netty\netty-common\4.1.43.Final\netty-common-4.1.43.Final.jar;D:\apache-maven-3.6.1\localRepository\io\netty\netty-buffer\4.1.43.Final\netty-buffer-4.1.43.Final.jar;D:\apache-maven-3.6.1\localRepository\io\netty\netty-transport\4.1.43.Final\netty-transport-4.1.43.Final.jar;D:\apache-maven-3.6.1\localRepository\io\netty\netty-resolver\4.1.43.Final\netty-resolver-4.1.43.Final.jar;D:\apache-maven-3.6.1\localRepository\io\netty\netty-codec\4.1.43.Final\netty-codec-4.1.43.Final.jar;D:\apache-maven-3.6.1\localRepository\io\netty\netty-transport-native-epoll\4.1.43.Final\netty-transport-native-epoll-4.1.43.Final.jar;D:\apache-maven-3.6.1\localRepository\io\netty\netty-transport-native-unix-common\4.1.43.Final\netty-transport-native-unix-common-4.1.43.Final.jar;D:\apache-maven-3.6.1\localRepository\org\slf4j\slf4j-log4j12\1.7.29\slf4j-log4j12-1.7.29.jar;D:\apache-maven-3.6.1\localRepository\log4j\log4j\1.2.17\log4j-1.2.17.jar;D:\apache-maven-3.6.1\localRepository\com\101tec\zkclient\0.11\zkclient-0.11.jar;D:\Program Files\JetBrains\IntelliJ IDEA 2019.2.2\lib\idea_rt.jar
2020-01-13 18:03:44,989:INFO (Environment.java:109) - Client environment:java.library.path=C:\Program Files\Java\jdk1.8.0_181\bin;C:\WINDOWS\Sun\Java\bin;C:\WINDOWS\system32;C:\WINDOWS;D:\Program Files (x86)\NetSarang\Xshell 6\;D:\Program Files (x86)\NetSarang\Xftp 6\;C:\WINDOWS\system32;C:\WINDOWS;C:\WINDOWS\System32\Wbem;C:\WINDOWS\System32\WindowsPowerShell\v1.0\;C:\Program Files (x86)\NVIDIA Corporation\PhysX\Common;C:\Users\huisunan\.dnx\bin;C:\Program Files\Microsoft DNX\Dnvm\;C:\Program Files\NVIDIA Corporation\NVIDIA NvDLISR;C:\Program Files\nodejs\;D:\Program Files (x86)\MySQL\MySQL Server 5.5\bin;D:\LocalAndroidSDK\platform-tools;D:\LocalAndroidSDK\tools;D:\Program Files\Git\cmd;D:\Program Files (x86)\Subversion\bin;D:\Program Files\TortoiseSVN\bin;C:\ProgramData\chocolatey\bin;C:\Users\huisunan\AppData\Local\Programs\Python\Python37\Scripts\;C:\Users\huisunan\AppData\Local\Programs\Python\Python37\;C:\Users\huisunan\AppData\Local\Microsoft\WindowsApps;D:\Program Files\Fiddler;C:\Users\huisunan\AppData\Roaming\npm;D:\Program Files\Microsoft VS Code\bin;C:\Users\huisunan\AppData\Local\Pandoc\;C:\Users\huisunan\AppData\Local\GitHubDesktop\bin;C:\Program Files\Java\jdk1.8.0_181\bin;;.
2020-01-13 18:03:44,989:INFO (Environment.java:109) - Client environment:java.io.tmpdir=C:\WINDOWS\TEMP\
2020-01-13 18:03:44,989:INFO (Environment.java:109) - Client environment:java.compiler=<NA>
2020-01-13 18:03:44,989:INFO (Environment.java:109) - Client environment:os.name=Windows 10
2020-01-13 18:03:44,989:INFO (Environment.java:109) - Client environment:os.arch=amd64
2020-01-13 18:03:44,989:INFO (Environment.java:109) - Client environment:os.version=10.0
2020-01-13 18:03:44,989:INFO (Environment.java:109) - Client environment:user.name=huisunan
2020-01-13 18:03:44,989:INFO (Environment.java:109) - Client environment:user.home=C:\Users\huisunan
2020-01-13 18:03:44,989:INFO (Environment.java:109) - Client environment:user.dir=F:\workSpace\idea\graduation
2020-01-13 18:03:44,989:INFO (Environment.java:109) - Client environment:os.memory.free=329MB
2020-01-13 18:03:44,989:INFO (Environment.java:109) - Client environment:os.memory.max=3623MB
2020-01-13 18:03:44,990:INFO (Environment.java:109) - Client environment:os.memory.total=400MB
2020-01-13 18:03:44,992:INFO (ZooKeeper.java:868) - Initiating client connection, connectString=127.0.0.1:2181 sessionTimeout=30000 watcher=org.I0Itec.zkclient.ZkClient@13618d2a
2020-01-13 18:03:44,996:INFO (X509Util.java:79) - Setting -D jdk.tls.rejectClientInitiatedRenegotiation=true to disable client-initiated TLS renegotiation
2020-01-13 18:03:45,001:INFO (ClientCnxnSocket.java:237) - jute.maxbuffer value is 4194304 Bytes
2020-01-13 18:03:45,006:INFO (ClientCnxn.java:1653) - zookeeper.request.timeout value is 0. feature enabled=
2020-01-13 18:03:45,007:INFO (ZkClient.java:936) - Waiting for keeper state SyncConnected
2020-01-13 18:03:45,016:INFO (ClientCnxn.java:1112) - Opening socket connection to server 127.0.0.1/127.0.0.1:2181. Will not attempt to authenticate using SASL (unknown error)
2020-01-13 18:03:45,017:INFO (ClientCnxn.java:959) - Socket connection established, initiating session, client: /127.0.0.1:62314, server: 127.0.0.1/127.0.0.1:2181
2020-01-13 18:04:15,018:WARN (ClientCnxn.java:1190) - Client session timed out, have not heard from server in 30001ms for sessionid 0x0
2020-01-13 18:04:15,018:INFO (ClientCnxn.java:1238) - Client session timed out, have not heard from server in 30001ms for sessionid 0x0, closing socket connection and attempting reconnect
2020-01-13 18:04:15,105:INFO (EndpointLinksResolver.java:58) - Exposing 2 endpoint(s) beneath base path '/actuator'
2020-01-13 18:04:15,155:INFO (DirectJDKLog.java:173) - Starting ProtocolHandler ["http-nio-9000"]
2020-01-13 18:04:15,171:INFO (TomcatWebServer.java:204) - Tomcat started on port(s): 9000 (http) with context path ''
2020-01-13 18:04:15,173:INFO (StartupInfoLogger.java:61) - Started MallServiceApplication in 36.21 seconds (JVM running for 37.216)
2020-01-13 18:04:16,693:INFO (ClientCnxn.java:1112) - Opening socket connection to server 127.0.0.1/127.0.0.1:2181. Will not attempt to authenticate using SASL (unknown error)
2020-01-13 18:04:16,694:INFO (ClientCnxn.java:959) - Socket connection established, initiating session, client: /127.0.0.1:62431, server: 127.0.0.1/127.0.0.1:2181
2020-01-13 18:04:32,155:INFO (DirectJDKLog.java:173) - Initializing Spring DispatcherServlet 'dispatcherServlet'
2020-01-13 18:04:32,155:INFO (FrameworkServlet.java:525) - Initializing Servlet 'dispatcherServlet'
2020-01-13 18:04:32,162:INFO (FrameworkServlet.java:547) - Completed initialization in 5 ms
2020-01-13 18:04:46,695:WARN (ClientCnxn.java:1190) - Client session timed out, have not heard from server in 30001ms for sessionid 0x0
2020-01-13 18:04:46,695:INFO (ClientCnxn.java:1238) - Client session timed out, have not heard from server in 30001ms for sessionid 0x0, closing socket connection and attempting reconnect
2020-01-13 18:04:48,487:INFO (ClientCnxn.java:1112) - Opening socket connection to server 127.0.0.1/127.0.0.1:2181. Will not attempt to authenticate using SASL (unknown error)
2020-01-13 18:04:48,487:INFO (ClientCnxn.java:959) - Socket connection established, initiating session, client: /127.0.0.1:62551, server: 127.0.0.1/127.0.0.1:2181
2020-01-13 18:05:18,488:WARN (ClientCnxn.java:1190) - Client session timed out, have not heard from server in 30000ms for sessionid 0x0
2020-01-13 18:05:18,488:INFO (ClientCnxn.java:1238) - Client session timed out, have not heard from server in 30000ms for sessionid 0x0, closing socket connection and attempting reconnect
2020-01-13 18:05:20,407:INFO (ClientCnxn.java:1112) - Opening socket connection to server 127.0.0.1/127.0.0.1:2181. Will not attempt to authenticate using SASL (unknown error)
2020-01-13 18:05:20,408:INFO (ClientCnxn.java:959) - Socket connection established, initiating session, client: /127.0.0.1:62678, server: 127.0.0.1/127.0.0.1:2181
2020-01-13 18:05:50,409:WARN (ClientCnxn.java:1190) - Client session timed out, have not heard from server in 30000ms for sessionid 0x0
2020-01-13 18:05:50,409:INFO (ClientCnxn.java:1238) - Client session timed out, have not heard from server in 30000ms for sessionid 0x0, closing socket connection and attempting reconnect
2020-01-13 18:05:51,648:INFO (ClientCnxn.java:1112) - Opening socket connection to server 127.0.0.1/127.0.0.1:2181. Will not attempt to authenticate using SASL (unknown error)
2020-01-13 18:05:51,649:INFO (ClientCnxn.java:959) - Socket connection established, initiating session, client: /127.0.0.1:62801, server: 127.0.0.1/127.0.0.1:2181
2020-01-13 18:06:21,650:WARN (ClientCnxn.java:1190) - Client session timed out, have not heard from server in 30000ms for sessionid 0x0
2020-01-13 18:06:21,650:INFO (ClientCnxn.java:1238) - Client session timed out, have not heard from server in 30000ms for sessionid 0x0, closing socket connection and attempting reconnect
2020-01-13 18:06:22,991:INFO (ClientCnxn.java:1112) - Opening socket connection to server 127.0.0.1/127.0.0.1:2181. Will not attempt to authenticate using SASL (unknown error)
2020-01-13 18:06:22,992:INFO (ClientCnxn.java:959) - Socket connection established, initiating session, client: /127.0.0.1:62913, server: 127.0.0.1/127.0.0.1:2181
2020-01-13 18:06:52,993:WARN (ClientCnxn.java:1190) - Client session timed out, have not heard from server in 30000ms for sessionid 0x0
2020-01-13 18:06:52,993:INFO (ClientCnxn.java:1238) - Client session timed out, have not heard from server in 30000ms for sessionid 0x0, closing socket connection and attempting reconnect
2020-01-13 18:06:54,638:INFO (ClientCnxn.java:1112) - Opening socket connection to server 127.0.0.1/127.0.0.1:2181. Will not attempt to authenticate using SASL (unknown error)
2020-01-13 18:06:54,638:INFO (ClientCnxn.java:959) - Socket connection established, initiating session, client: /127.0.0.1:63026, server: 127.0.0.1/127.0.0.1:2181
2020-01-13 18:07:24,640:WARN (ClientCnxn.java:1190) - Client session timed out, have not heard from server in 30000ms for sessionid 0x0
2020-01-13 18:07:24,640:INFO (ClientCnxn.java:1238) - Client session timed out, have not heard from server in 30000ms for sessionid 0x0, closing socket connection and attempting reconnect
2020-01-13 18:07:26,625:INFO (ClientCnxn.java:1112) - Opening socket connection to server 127.0.0.1/127.0.0.1:2181. Will not attempt to authenticate using SASL (unknown error)
2020-01-13 18:07:26,626:INFO (ClientCnxn.java:959) - Socket connection established, initiating session, client: /127.0.0.1:63160, server: 127.0.0.1/127.0.0.1:2181
2020-01-13 18:07:56,627:WARN (ClientCnxn.java:1190) - Client session timed out, have not heard from server in 30001ms for sessionid 0x0
2020-01-13 18:07:56,627:INFO (ClientCnxn.java:1238) - Client session timed out, have not heard from server in 30001ms for sessionid 0x0, closing socket connection and attempting reconnect
2020-01-13 18:07:58,659:INFO (ClientCnxn.java:1112) - Opening socket connection to server 127.0.0.1/127.0.0.1:2181. Will not attempt to authenticate using SASL (unknown error)
2020-01-13 18:07:58,660:INFO (ClientCnxn.java:959) - Socket connection established, initiating session, client: /127.0.0.1:63289, server: 127.0.0.1/127.0.0.1:2181
2020-01-13 18:08:28,660:WARN (ClientCnxn.java:1190) - Client session timed out, have not heard from server in 30000ms for sessionid 0x0
2020-01-13 18:08:28,660:INFO (ClientCnxn.java:1238) - Client session timed out, have not heard from server in 30000ms for sessionid 0x0, closing socket connection and attempting reconnect
2020-01-13 18:08:30,522:INFO (ClientCnxn.java:1112) - Opening socket connection to server 127.0.0.1/127.0.0.1:2181. Will not attempt to authenticate using SASL (unknown error)
2020-01-13 18:08:30,523:INFO (ClientCnxn.java:959) - Socket connection established, initiating session, client: /127.0.0.1:63405, server: 127.0.0.1/127.0.0.1:2181
2020-01-13 18:09:00,523:WARN (ClientCnxn.java:1190) - Client session timed out, have not heard from server in 30000ms for sessionid 0x0
2020-01-13 18:09:00,523:INFO (ClientCnxn.java:1238) - Client session timed out, have not heard from server in 30000ms for sessionid 0x0, closing socket connection and attempting reconnect
2020-01-13 18:09:02,342:INFO (ClientCnxn.java:1112) - Opening socket connection to server 127.0.0.1/127.0.0.1:2181. Will not attempt to authenticate using SASL (unknown error)
2020-01-13 18:09:02,343:INFO (ClientCnxn.java:959) - Socket connection established, initiating session, client: /127.0.0.1:63566, server: 127.0.0.1/127.0.0.1:2181
2020-01-13 18:09:32,343:WARN (ClientCnxn.java:1190) - Client session timed out, have not heard from server in 30000ms for sessionid 0x0
2020-01-13 18:09:32,343:INFO (ClientCnxn.java:1238) - Client session timed out, have not heard from server in 30000ms for sessionid 0x0, closing socket connection and attempting reconnect
2020-01-13 18:09:34,334:INFO (ClientCnxn.java:1112) - Opening socket connection to server 127.0.0.1/127.0.0.1:2181. Will not attempt to authenticate using SASL (unknown error)
2020-01-13 18:09:34,335:INFO (ClientCnxn.java:959) - Socket connection established, initiating session, client: /127.0.0.1:63682, server: 127.0.0.1/127.0.0.1:2181
2020-01-13 18:10:04,336:WARN (ClientCnxn.java:1190) - Client session timed out, have not heard from server in 30000ms for sessionid 0x0
2020-01-13 18:10:04,336:INFO (ClientCnxn.java:1238) - Client session timed out, have not heard from server in 30000ms for sessionid 0x0, closing socket connection and attempting reconnect
2020-01-13 18:10:06,369:INFO (ClientCnxn.java:1112) - Opening socket connection to server 127.0.0.1/127.0.0.1:2181. Will not attempt to authenticate using SASL (unknown error)
2020-01-13 18:10:06,370:INFO (ClientCnxn.java:959) - Socket connection established, initiating session, client: /127.0.0.1:63797, server: 127.0.0.1/127.0.0.1:2181
2020-01-13 18:10:36,370:WARN (ClientCnxn.java:1190) - Client session timed out, have not heard from server in 30000ms for sessionid 0x0
2020-01-13 18:10:36,370:INFO (ClientCnxn.java:1238) - Client session timed out, have not heard from server in 30000ms for sessionid 0x0, closing socket connection and attempting reconnect
2020-01-13 18:10:38,088:INFO (ClientCnxn.java:1112) - Opening socket connection to server 127.0.0.1/127.0.0.1:2181. Will not attempt to authenticate using SASL (unknown error)
2020-01-13 18:10:38,089:INFO (ClientCnxn.java:959) - Socket connection established, initiating session, client: /127.0.0.1:63925, server: 127.0.0.1/127.0.0.1:2181
2020-01-13 18:11:08,089:WARN (ClientCnxn.java:1190) - Client session timed out, have not heard from server in 30000ms for sessionid 0x0
2020-01-13 18:11:08,089:INFO (ClientCnxn.java:1238) - Client session timed out, have not heard from server in 30000ms for sessionid 0x0, closing socket connection and attempting reconnect
2020-01-13 18:11:09,491:INFO (ClientCnxn.java:1112) - Opening socket connection to server 127.0.0.1/127.0.0.1:2181. Will not attempt to authenticate using SASL (unknown error)
2020-01-13 18:11:09,492:INFO (ClientCnxn.java:959) - Socket connection established, initiating session, client: /127.0.0.1:64046, server: 127.0.0.1/127.0.0.1:2181
